android/app/build/intermediates/manifest_merge_blame_file/debug/processDebugMainManifest/manifest-merger-blame-debug-report.txt
1<?xml version="1.0" encoding="utf-8"?>
2<manifest xmlns:android="http://schemas.android.com/apk/res/android"
3    package="dev.telepathy"
4    android:versionCode="1"
5    android:versionName="0.1" >
6
7    <uses-sdk
8        android:minSdkVersion="34"
9        android:targetSdkVersion="35" />
10
11    <uses-permission android:name="android.permission.RECORD_AUDIO" />
11-->src/main/AndroidManifest.xml:4:5-71
11-->src/main/AndroidManifest.xml:4:22-68
12    <uses-permission android:name="android.permission.INTERNET" />
12-->src/main/AndroidManifest.xml:5:5-67
12-->src/main/AndroidManifest.xml:5:22-64
13    <uses-permission android:name="android.permission.FOREGROUND_SERVICE" />
13-->src/main/AndroidManifest.xml:6:5-77
13-->src/main/AndroidManifest.xml:6:22-74
14    <uses-permission android:name="android.permission.FOREGROUND_SERVICE_MICROPHONE" />
14-->src/main/AndroidManifest.xml:7:5-88
14-->src/main/AndroidManifest.xml:7:22-85
15    <uses-permission android:name="android.permission.POST_NOTIFICATIONS" />
15-->src/main/AndroidManifest.xml:8:5-77
15-->src/main/AndroidManifest.xml:8:22-74
16    <!-- Required to be eligible as the default voice assistant -->
17    <uses-permission android:name="android.permission.VIBRATE" />
17-->src/main/AndroidManifest.xml:10:5-66
17-->src/main/AndroidManifest.xml:10:22-63
18
19    <permission
19-->[androidx.core:core:1.15.0] AndroidManifest.xml:22:5-24:47
20        android:name="dev.telepathy.DYNAMIC_RECEIVER_NOT_EXPORTED_PERMISSION"
20-->[androidx.core:core:1.15.0] AndroidManifest.xml:23:9-81
21        android:protectionLevel="signature" />
21-->[androidx.core:core:1.15.0] AndroidManifest.xml:24:9-44
22
23    <uses-permission android:name="dev.telepathy.DYNAMIC_RECEIVER_NOT_EXPORTED_PERMISSION" />
23-->[androidx.core:core:1.15.0] AndroidManifest.xml:26:5-97
23-->[androidx.core:core:1.15.0] AndroidManifest.xml:26:22-94
24
25    <application
25-->src/main/AndroidManifest.xml:12:5-66:19
26        android:appComponentFactory="androidx.core.app.CoreComponentFactory"
26-->[androidx.core:core:1.15.0] AndroidManifest.xml:28:18-86
27        android:debuggable="true"
28        android:extractNativeLibs="false"
29        android:label="Telepathy"
29-->src/main/AndroidManifest.xml:13:9-34
30        android:theme="@android:style/Theme.Material.Light" >
30-->src/main/AndroidManifest.xml:14:9-60
31        <activity
31-->src/main/AndroidManifest.xml:16:9-23:20
32            android:name="dev.telepathy.MainActivity"
32-->src/main/AndroidManifest.xml:17:13-41
33            android:exported="true" >
33-->src/main/AndroidManifest.xml:18:13-36
34            <intent-filter>
34-->src/main/AndroidManifest.xml:19:13-22:29
35                <action android:name="android.intent.action.MAIN" />
35-->src/main/AndroidManifest.xml:20:17-69
35-->src/main/AndroidManifest.xml:20:25-66
36
37                <category android:name="android.intent.category.LAUNCHER" />
37-->src/main/AndroidManifest.xml:21:17-77
37-->src/main/AndroidManifest.xml:21:27-74
38            </intent-filter>
39        </activity>
40
41        <!--
42          The make-or-break component. If the Shokz pinch gesture launches the
43          phone's voice assistant and Telepathy is set as the default assistant
44          (Settings > Apps > Default apps > Digital assistant app), this service
45          gets bound and onPrepareShow()/onShowSession() fire. That is the whole
46          test: log it, beep, and put it on screen.
47        -->
48        <service
48-->src/main/AndroidManifest.xml:32:9-42:19
49            android:name="dev.telepathy.TelepathyVoiceInteractionService"
49-->src/main/AndroidManifest.xml:33:13-61
50            android:exported="true"
50-->src/main/AndroidManifest.xml:34:13-36
51            android:permission="android.permission.BIND_VOICE_INTERACTION" >
51-->src/main/AndroidManifest.xml:35:13-75
52            <intent-filter>
52-->src/main/AndroidManifest.xml:36:13-38:29
53                <action android:name="android.service.voice.VoiceInteractionService" />
53-->src/main/AndroidManifest.xml:37:17-88
53-->src/main/AndroidManifest.xml:37:25-85
54            </intent-filter>
55
56            <meta-data
56-->src/main/AndroidManifest.xml:39:13-41:63
57                android:name="android.service.voice"
57-->src/main/AndroidManifest.xml:40:17-53
58                android:resource="@xml/interaction_service" />
58-->src/main/AndroidManifest.xml:41:17-60
59        </service>
60
61        <!-- Launched by the system when an assist gesture reaches us -->
62        <service
62-->src/main/AndroidManifest.xml:45:9-48:78
63            android:name="dev.telepathy.TelepathyInteractionSessionService"
63-->src/main/AndroidManifest.xml:46:13-63
64            android:exported="true"
64-->src/main/AndroidManifest.xml:47:13-36
65            android:permission="android.permission.BIND_VOICE_INTERACTION" />
65-->src/main/AndroidManifest.xml:48:13-75
66
67        <receiver
67-->src/main/AndroidManifest.xml:50:9-58:20
68            android:name="dev.telepathy.RelayReceiver"
68-->src/main/AndroidManifest.xml:51:13-42
69            android:exported="false" >
69-->src/main/AndroidManifest.xml:52:13-37
70            <intent-filter>
70-->src/main/AndroidManifest.xml:53:13-57:29
71                <action android:name="dev.telepathy.SWITCH_LANE" />
71-->src/main/AndroidManifest.xml:54:17-68
71-->src/main/AndroidManifest.xml:54:25-65
72                <action android:name="dev.telepathy.TALK" />
72-->src/main/AndroidManifest.xml:55:17-61
72-->src/main/AndroidManifest.xml:55:25-58
73                <action android:name="dev.telepathy.STOP" />
73-->src/main/AndroidManifest.xml:56:17-61
73-->src/main/AndroidManifest.xml:56:25-58
74            </intent-filter>
75        </receiver>
76
77        <!-- Foreground mic capture + WebSocket client -->
78        <service
78-->src/main/AndroidManifest.xml:61:9-64:58
79            android:name="dev.telepathy.AudioCaptureService"
79-->src/main/AndroidManifest.xml:62:13-48
80            android:exported="false"
80-->src/main/AndroidManifest.xml:63:13-37
81            android:foregroundServiceType="microphone" />
81-->src/main/AndroidManifest.xml:64:13-55
82
83        <provider
83-->[androidx.emoji2:emoji2:1.3.0] AndroidManifest.xml:24:9-32:20
84            android:name="androidx.startup.InitializationProvider"
84-->[androidx.emoji2:emoji2:1.3.0] AndroidManifest.xml:25:13-67
85            android:authorities="dev.telepathy.androidx-startup"
85-->[androidx.emoji2:emoji2:1.3.0] AndroidManifest.xml:26:13-68
86            android:exported="false" >
86-->[androidx.emoji2:emoji2:1.3.0] AndroidManifest.xml:27:13-37
87            <meta-data
87-->[androidx.emoji2:emoji2:1.3.0] AndroidManifest.xml:29:13-31:52
88                android:name="androidx.emoji2.text.EmojiCompatInitializer"
88-->[androidx.emoji2:emoji2:1.3.0] AndroidManifest.xml:30:17-75
89                android:value="androidx.startup" />
89-->[androidx.emoji2:emoji2:1.3.0] AndroidManifest.xml:31:17-49
90            <meta-data
90-->[androidx.lifecycle:lifecycle-process:2.6.2] AndroidManifest.xml:29:13-31:52
91                android:name="androidx.lifecycle.ProcessLifecycleInitializer"
91-->[androidx.lifecycle:lifecycle-process:2.6.2] AndroidManifest.xml:30:17-78
92                android:value="androidx.startup" />
92-->[androidx.lifecycle:lifecycle-process:2.6.2] AndroidManifest.xml:31:17-49
93            <meta-data
93-->[androidx.profileinstaller:profileinstaller:1.3.1] AndroidManifest.xml:29:13-31:52
94                android:name="androidx.profileinstaller.ProfileInstallerInitializer"
94-->[androidx.profileinstaller:profileinstaller:1.3.1] AndroidManifest.xml:30:17-85
95                android:value="androidx.startup" />
95-->[androidx.profileinstaller:profileinstaller:1.3.1] AndroidManifest.xml:31:17-49
96        </provider>
97
98        <receiver
98-->[androidx.profileinstaller:profileinstaller:1.3.1] AndroidManifest.xml:34:9-52:20
99            android:name="androidx.profileinstaller.ProfileInstallReceiver"
99-->[androidx.profileinstaller:profileinstaller:1.3.1] AndroidManifest.xml:35:13-76
100            android:directBootAware="false"
100-->[androidx.profileinstaller:profileinstaller:1.3.1] AndroidManifest.xml:36:13-44
101            android:enabled="true"
101-->[androidx.profileinstaller:profileinstaller:1.3.1] AndroidManifest.xml:37:13-35
102            android:exported="true"
102-->[androidx.profileinstaller:profileinstaller:1.3.1] AndroidManifest.xml:38:13-36
103            android:permission="android.permission.DUMP" >
103-->[androidx.profileinstaller:profileinstaller:1.3.1] AndroidManifest.xml:39:13-57
104            <intent-filter>
104-->[androidx.profileinstaller:profileinstaller:1.3.1] AndroidManifest.xml:40:13-42:29
105                <action android:name="androidx.profileinstaller.action.INSTALL_PROFILE" />
105-->[androidx.profileinstaller:profileinstaller:1.3.1] AndroidManifest.xml:41:17-91
105-->[androidx.profileinstaller:profileinstaller:1.3.1] AndroidManifest.xml:41:25-88
106            </intent-filter>
107            <intent-filter>
107-->[androidx.profileinstaller:profileinstaller:1.3.1] AndroidManifest.xml:43:13-45:29
108                <action android:name="androidx.profileinstaller.action.SKIP_FILE" />
108-->[androidx.profileinstaller:profileinstaller:1.3.1] AndroidManifest.xml:44:17-85
108-->[androidx.profileinstaller:profileinstaller:1.3.1] AndroidManifest.xml:44:25-82
109            </intent-filter>
110            <intent-filter>
110-->[androidx.profileinstaller:profileinstaller:1.3.1] AndroidManifest.xml:46:13-48:29
111                <action android:name="androidx.profileinstaller.action.SAVE_PROFILE" />
111-->[androidx.profileinstaller:profileinstaller:1.3.1] AndroidManifest.xml:47:17-88
111-->[androidx.profileinstaller:profileinstaller:1.3.1] AndroidManifest.xml:47:25-85
112            </intent-filter>
113            <intent-filter>
113-->[androidx.profileinstaller:profileinstaller:1.3.1] AndroidManifest.xml:49:13-51:29
114                <action android:name="androidx.profileinstaller.action.BENCHMARK_OPERATION" />
114-->[androidx.profileinstaller:profileinstaller:1.3.1] AndroidManifest.xml:50:17-95
114-->[androidx.profileinstaller:profileinstaller:1.3.1] AndroidManifest.xml:50:25-92
115            </intent-filter>
116        </receiver>
117    </application>
118
119</manifest>